app/build/intermediates/manifest_merge_blame_file/debug/processDebugMainManifest/manifest-merger-blame-debug-report.txt
1<?xml version="1.0" encoding="utf-8"?>
2<manifest xmlns:android="http://schemas.android.com/apk/res/android"
3    package="com.example.condominiox"
4    android:versionCode="1"
5    android:versionName="1.0" >
6
7    <uses-sdk
8        android:minSdkVersion="28"
9        android:targetSdkVersion="34" />
10
11    <uses-permission android:name="android.permission.INTERNET" />
11-->src\main\AndroidManifest.xml:5:5-66
11-->src\main\AndroidManifest.xml:5:22-64
12
13    <permission
13-->[androidx.core:core:1.9.0] AndroidManifest.xml:22:5-24:47
14        android:name="com.example.condominiox.DYNAMIC_RECEIVER_NOT_EXPORTED_PERMISSION"
14-->[androidx.core:core:1.9.0] AndroidManifest.xml:23:9-81
15        android:protectionLevel="signature" />
15-->[androidx.core:core:1.9.0] AndroidManifest.xml:24:9-44
16
17    <uses-permission android:name="com.example.condominiox.DYNAMIC_RECEIVER_NOT_EXPORTED_PERMISSION" />
17-->[androidx.core:core:1.9.0] AndroidManifest.xml:26:5-97
17-->[androidx.core:core:1.9.0] AndroidManifest.xml:26:22-94
18
19    <application
19-->src\main\AndroidManifest.xml:7:5-56:19
20        android:allowBackup="true"
20-->src\main\AndroidManifest.xml:8:9-35
21        android:appComponentFactory="androidx.core.app.CoreComponentFactory"
21-->[androidx.core:core:1.9.0] AndroidManifest.xml:28:18-86
22        android:dataExtractionRules="@xml/data_extraction_rules"
22-->src\main\AndroidManifest.xml:9:9-65
23        android:debuggable="true"
24        android:extractNativeLibs="false"
25        android:fullBackupContent="@xml/backup_rules"
25-->src\main\AndroidManifest.xml:10:9-54
26        android:icon="@mipmap/ic_launcher"
26-->src\main\AndroidManifest.xml:11:9-43
27        android:label="@string/app_name"
27-->src\main\AndroidManifest.xml:12:9-41
28        android:roundIcon="@mipmap/ic_launcher_round"
28-->src\main\AndroidManifest.xml:13:9-54
29        android:supportsRtl="true"
29-->src\main\AndroidManifest.xml:14:9-35
30        android:testOnly="true"
31        android:theme="@style/Theme.CondominioX" >
31-->src\main\AndroidManifest.xml:15:9-49
32        <activity
32-->src\main\AndroidManifest.xml:17:9-19:40
33            android:name="com.example.condominiox.ConsultaCepActivity"
33-->src\main\AndroidManifest.xml:18:13-48
34            android:exported="false" />
34-->src\main\AndroidManifest.xml:19:13-37
35        <activity
35-->src\main\AndroidManifest.xml:20:9-22:40
36            android:name="com.example.condominiox.EncomendaEntregueActivity"
36-->src\main\AndroidManifest.xml:21:13-54
37            android:exported="false" />
37-->src\main\AndroidManifest.xml:22:13-37
38        <activity
38-->src\main\AndroidManifest.xml:23:9-25:40
39            android:name="com.example.condominiox.MinhasEncomendasActivity"
39-->src\main\AndroidManifest.xml:24:13-53
40            android:exported="false" />
40-->src\main\AndroidManifest.xml:25:13-37
41        <activity
41-->src\main\AndroidManifest.xml:26:9-28:40
42            android:name="com.example.condominiox.MoradorActivity"
42-->src\main\AndroidManifest.xml:27:13-44
43            android:exported="false" />
43-->src\main\AndroidManifest.xml:28:13-37
44        <activity
44-->src\main\AndroidManifest.xml:29:9-31:40
45            android:name="com.example.condominiox.CadastroAvisoActivity"
45-->src\main\AndroidManifest.xml:30:13-50
46            android:exported="false" />
46-->src\main\AndroidManifest.xml:31:13-37
47        <activity
47-->src\main\AndroidManifest.xml:32:9-34:40
48            android:name="com.example.condominiox.AreaRestritaActivity"
48-->src\main\AndroidManifest.xml:33:13-49
49            android:exported="false" />
49-->src\main\AndroidManifest.xml:34:13-37
50        <activity
50-->src\main\AndroidManifest.xml:35:9-37:40
51            android:name="com.example.condominiox.RecebimentoActivity"
51-->src\main\AndroidManifest.xml:36:13-48
52            android:exported="false" />
52-->src\main\AndroidManifest.xml:37:13-37
53        <activity
53-->src\main\AndroidManifest.xml:38:9-40:40
54            android:name="com.example.condominiox.RedefinirActivity"
54-->src\main\AndroidManifest.xml:39:13-46
55            android:exported="false" />
55-->src\main\AndroidManifest.xml:40:13-37
56        <activity
56-->src\main\AndroidManifest.xml:41:9-43:40
57            android:name="com.example.condominiox.PortariaActivity"
57-->src\main\AndroidManifest.xml:42:13-45
58            android:exported="false" />
58-->src\main\AndroidManifest.xml:43:13-37
59        <activity
59-->src\main\AndroidManifest.xml:44:9-46:40
60            android:name="com.example.condominiox.CadastroUsuarioActivity"
60-->src\main\AndroidManifest.xml:45:13-52
61            android:exported="false" />
61-->src\main\AndroidManifest.xml:46:13-37
62        <activity
62-->src\main\AndroidManifest.xml:47:9-55:20
63            android:name="com.example.condominiox.MainActivity"
63-->src\main\AndroidManifest.xml:48:13-41
64            android:exported="true" >
64-->src\main\AndroidManifest.xml:49:13-36
65            <intent-filter>
65-->src\main\AndroidManifest.xml:50:13-54:29
66                <action android:name="android.intent.action.MAIN" />
66-->src\main\AndroidManifest.xml:51:17-69
66-->src\main\AndroidManifest.xml:51:25-66
67
68                <category android:name="android.intent.category.LAUNCHER" />
68-->src\main\AndroidManifest.xml:53:17-77
68-->src\main\AndroidManifest.xml:53:27-74
69            </intent-filter>
70        </activity>
71
72        <provider
72-->[com.google.firebase:firebase-common:20.4.3] AndroidManifest.xml:23:9-28:39
73            android:name="com.google.firebase.provider.FirebaseInitProvider"
73-->[com.google.firebase:firebase-common:20.4.3] AndroidManifest.xml:24:13-77
74            android:authorities="com.example.condominiox.firebaseinitprovider"
74-->[com.google.firebase:firebase-common:20.4.3] AndroidManifest.xml:25:13-72
75            android:directBootAware="true"
75-->[com.google.firebase:firebase-common:20.4.3] AndroidManifest.xml:26:13-43
76            android:exported="false"
76-->[com.google.firebase:firebase-common:20.4.3] AndroidManifest.xml:27:13-37
77            android:initOrder="100" />
77-->[com.google.firebase:firebase-common:20.4.3] AndroidManifest.xml:28:13-36
78
79        <service
79-->[com.google.firebase:firebase-common:20.4.3] AndroidManifest.xml:30:9-38:19
80            android:name="com.google.firebase.components.ComponentDiscoveryService"
80-->[com.google.firebase:firebase-common:20.4.3] AndroidManifest.xml:31:13-84
81            android:directBootAware="true"
81-->[com.google.firebase:firebase-common:20.4.3] AndroidManifest.xml:32:13-43
82            android:exported="false" >
82-->[com.google.firebase:firebase-common:20.4.3] AndroidManifest.xml:33:13-37
83            <meta-data
83-->[com.google.firebase:firebase-common:20.4.3] AndroidManifest.xml:35:13-37:85
84                android:name="com.google.firebase.components:com.google.firebase.FirebaseCommonKtxRegistrar"
84-->[com.google.firebase:firebase-common:20.4.3] AndroidManifest.xml:36:17-109
85                android:value="com.google.firebase.components.ComponentRegistrar" />
85-->[com.google.firebase:firebase-common:20.4.3] AndroidManifest.xml:37:17-82
86        </service>
87
88        <provider
88-->[androidx.emoji2:emoji2:1.2.0] AndroidManifest.xml:24:9-32:20
89            android:name="androidx.startup.InitializationProvider"
89-->[androidx.emoji2:emoji2:1.2.0] AndroidManifest.xml:25:13-67
90            android:authorities="com.example.condominiox.androidx-startup"
90-->[androidx.emoji2:emoji2:1.2.0] AndroidManifest.xml:26:13-68
91            android:exported="false" >
91-->[androidx.emoji2:emoji2:1.2.0] AndroidManifest.xml:27:13-37
92            <meta-data
92-->[androidx.emoji2:emoji2:1.2.0] AndroidManifest.xml:29:13-31:52
93                android:name="androidx.emoji2.text.EmojiCompatInitializer"
93-->[androidx.emoji2:emoji2:1.2.0] AndroidManifest.xml:30:17-75
94                android:value="androidx.startup" />
94-->[androidx.emoji2:emoji2:1.2.0] AndroidManifest.xml:31:17-49
95            <meta-data
95-->[androidx.lifecycle:lifecycle-process:2.6.1] AndroidManifest.xml:29:13-31:52
96                android:name="androidx.lifecycle.ProcessLifecycleInitializer"
96-->[androidx.lifecycle:lifecycle-process:2.6.1] AndroidManifest.xml:30:17-78
97                android:value="androidx.startup" />
97-->[androidx.lifecycle:lifecycle-process:2.6.1] AndroidManifest.xml:31:17-49
98            <meta-data
98-->[androidx.profileinstaller:profileinstaller:1.3.0] AndroidManifest.xml:29:13-31:52
99                android:name="androidx.profileinstaller.ProfileInstallerInitializer"
99-->[androidx.profileinstaller:profileinstaller:1.3.0] AndroidManifest.xml:30:17-85
100                android:value="androidx.startup" />
100-->[androidx.profileinstaller:profileinstaller:1.3.0] AndroidManifest.xml:31:17-49
101        </provider>
102
103        <meta-data
103-->[com.google.android.gms:play-services-basement:18.3.0] AndroidManifest.xml:21:9-23:69
104            android:name="com.google.android.gms.version"
104-->[com.google.android.gms:play-services-basement:18.3.0] AndroidManifest.xml:22:13-58
105            android:value="@integer/google_play_services_version" />
105-->[com.google.android.gms:play-services-basement:18.3.0] AndroidManifest.xml:23:13-66
106
107        <receiver
107-->[androidx.profileinstaller:profileinstaller:1.3.0] AndroidManifest.xml:34:9-52:20
108            android:name="androidx.profileinstaller.ProfileInstallReceiver"
108-->[androidx.profileinstaller:profileinstaller:1.3.0] AndroidManifest.xml:35:13-76
109            android:directBootAware="false"
109-->[androidx.profileinstaller:profileinstaller:1.3.0] AndroidManifest.xml:36:13-44
110            android:enabled="true"
110-->[androidx.profileinstaller:profileinstaller:1.3.0] AndroidManifest.xml:37:13-35
111            android:exported="true"
111-->[androidx.profileinstaller:profileinstaller:1.3.0] AndroidManifest.xml:38:13-36
112            android:permission="android.permission.DUMP" >
112-->[androidx.profileinstaller:profileinstaller:1.3.0] AndroidManifest.xml:39:13-57
113            <intent-filter>
113-->[androidx.profileinstaller:profileinstaller:1.3.0] AndroidManifest.xml:40:13-42:29
114                <action android:name="androidx.profileinstaller.action.INSTALL_PROFILE" />
114-->[androidx.profileinstaller:profileinstaller:1.3.0] AndroidManifest.xml:41:17-91
114-->[androidx.profileinstaller:profileinstaller:1.3.0] AndroidManifest.xml:41:25-88
115            </intent-filter>
116            <intent-filter>
116-->[androidx.profileinstaller:profileinstaller:1.3.0] AndroidManifest.xml:43:13-45:29
117                <action android:name="androidx.profileinstaller.action.SKIP_FILE" />
117-->[androidx.profileinstaller:profileinstaller:1.3.0] AndroidManifest.xml:44:17-85
117-->[androidx.profileinstaller:profileinstaller:1.3.0] AndroidManifest.xml:44:25-82
118            </intent-filter>
119            <intent-filter>
119-->[androidx.profileinstaller:profileinstaller:1.3.0] AndroidManifest.xml:46:13-48:29
120                <action android:name="androidx.profileinstaller.action.SAVE_PROFILE" />
120-->[androidx.profileinstaller:profileinstaller:1.3.0] AndroidManifest.xml:47:17-88
120-->[androidx.profileinstaller:profileinstaller:1.3.0] AndroidManifest.xml:47:25-85
121            </intent-filter>
122            <intent-filter>
122-->[androidx.profileinstaller:profileinstaller:1.3.0] AndroidManifest.xml:49:13-51:29
123                <action android:name="androidx.profileinstaller.action.BENCHMARK_OPERATION" />
123-->[androidx.profileinstaller:profileinstaller:1.3.0] AndroidManifest.xml:50:17-95
123-->[androidx.profileinstaller:profileinstaller:1.3.0] AndroidManifest.xml:50:25-92
124            </intent-filter>
125        </receiver>
126    </application>
127
128</manifest>